<?xml version="1.0" encoding="UTF-8"?>
<!-- Generated by org.testng.reporters.JUnitXMLReporter -->
<testsuite ignored="0" hostname="DESKTOP-DLOSR1I" failures="0" tests="4" name="mytest1" time="0.112" errors="0" timestamp="2024-10-26T10:49:23 IST">
  <testcase classname="testngpractice.AnnotationsDemo1" name="openApplication" time="0.012"/>
  <testcase classname="testngpractice.AnnotationsDemo1" name="logintotheAPP" time="0.005"/>
  <testcase classname="testngpractice.AnnotationsDemo1" name="serachProduct" time="0.002"/>
  <testcase classname="testngpractice.AnnotationsDemo1" name="logoutFromApp" time="0.003"/>
</testsuite> <!-- mytest1 -->
