<?xml version="1.0" encoding="UTF-8"?>
<!-- Generated by org.testng.reporters.JUnitXMLReporter -->
<testsuite ignored="0" hostname="DESKTOP-DLOSR1I" failures="0" tests="3" name="chromeTest" time="33.434" errors="0" timestamp="2024-10-31T12:43:35 IST">
  <testcase classname="testngpractice.ParallelTesting" name="logoTest" time="0.124"/>
  <testcase classname="testngpractice.ParallelTesting" name="testTitle" time="0.016"/>
  <testcase classname="testngpractice.ParallelTesting" name="testCurrentURL" time="0.013"/>
</testsuite> <!-- chromeTest -->
