<?xml version="1.0" encoding="UTF-8"?>
<!-- Generated by org.testng.reporters.JUnitXMLReporter -->
<testsuite ignored="0" hostname="DESKTOP-DLOSR1I" failures="0" tests="3" name="edgeTest" time="14.135" errors="0" timestamp="2024-10-29T09:09:53 IST">
  <testcase classname="testngpractice.ParallelTesting" name="logoTest" time="0.163"/>
  <testcase classname="testngpractice.ParallelTesting" name="testTitle" time="0.023"/>
  <testcase classname="testngpractice.ParallelTesting" name="testCurrentURL" time="0.02"/>
</testsuite> <!-- edgeTest -->
