<?xml version="1.0" encoding="UTF-8"?>
<!-- Generated by org.testng.reporters.JUnitXMLReporter -->
<testsuite ignored="0" hostname="DESKTOP-DLOSR1I" failures="0" tests="3" name="FirefoxTest" time="17.854" errors="0" timestamp="2024-10-29T09:09:57 IST">
  <testcase classname="testngpractice.ParallelTesting" name="logoTest" time="0.073"/>
  <testcase classname="testngpractice.ParallelTesting" name="testTitle" time="0.006"/>
  <testcase classname="testngpractice.ParallelTesting" name="testCurrentURL" time="0.005"/>
</testsuite> <!-- FirefoxTest -->
