<?xml version="1.0" encoding="UTF-8"?>
<testng-results ignored="0" total="1" passed="1" failed="0" skipped="0">
  <reporter-output>
  </reporter-output>
  <suite started-at="2024-11-02T16:49:00 IST" name="Suite" finished-at="2024-11-02T16:49:10 IST" duration-ms="10530">
    <groups>
    </groups>
    <test started-at="2024-11-02T16:49:00 IST" name="pageobject" finished-at="2024-11-02T16:49:10 IST" duration-ms="10530">
      <class name="pageobjectclasses.LoginTest">
        <test-method is-config="true" signature="setUp()[pri:0, instance:pageobjectclasses.LoginTest@18271936]" started-at="2024-11-02T16:49:00 IST" name="setUp" finished-at="2024-11-02T16:49:07 IST" duration-ms="6785" status="PASS">
          <reporter-output>
          </reporter-output>
        </test-method> <!-- setUp -->
        <test-method signature="testLogin()[pri:0, instance:pageobjectclasses.LoginTest@18271936]" started-at="2024-11-02T16:49:07 IST" name="testLogin" finished-at="2024-11-02T16:49:09 IST" duration-ms="2751" status="PASS">
          <reporter-output>
          </reporter-output>
        </test-method> <!-- testLogin -->
        <test-method is-config="true" signature="tearDown()[pri:0, instance:pageobjectclasses.LoginTest@18271936]" started-at="2024-11-02T16:49:09 IST" name="tearDown" finished-at="2024-11-02T16:49:10 IST" duration-ms="911" status="PASS">
          <reporter-output>
          </reporter-output>
        </test-method> <!-- tearDown -->
      </class> <!-- pageobjectclasses.LoginTest -->
    </test> <!-- pageobject -->
  </suite> <!-- Suite -->
</testng-results>
