<?xml version="1.0" encoding="UTF-8"?>
<testng-results ignored="0" total="1" passed="1" failed="0" skipped="0">
  <reporter-output>
  </reporter-output>
  <suite started-at="2024-11-22T11:30:46Z" name="Default suite" finished-at="2024-11-22T11:30:49Z" duration-ms="2681">
    <groups>
    </groups>
    <test started-at="2024-11-22T11:30:46Z" name="Default test" finished-at="2024-11-22T11:30:49Z" duration-ms="2681">
      <class name="practice.SumValidation">
        <test-method signature="sumValidation()[pri:0, instance:practice.SumValidation@5ddcc487]" started-at="2024-11-22T11:30:46Z" name="sumValidation" finished-at="2024-11-22T11:30:49Z" duration-ms="2639" status="PASS">
          <reporter-output>
          </reporter-output>
        </test-method> <!-- sumValidation -->
      </class> <!-- practice.SumValidation -->
    </test> <!-- Default test -->
  </suite> <!-- Default suite -->
</testng-results>
