<?xml version="1.0" encoding="UTF-8"?>
<!-- Generated by org.testng.reporters.JUnitXMLReporter -->
<testsuite ignored="6" hostname="DESKTOP-DLOSR1I" failures="0" tests="2" name="groupingtest" time="0.101" errors="0" timestamp="2024-10-27T13:45:09 IST">
  <testcase classname="testngpractice.PayMentTest" name="paymentInRuppes" time="0.013"/>
  <testcase classname="testngpractice.PayMentTest" name="paymentInDollers" time="0.002"/>
  <testcase classname="testngpractice.LoginTest" name="loginByTwitter" time="0.0">
    <ignored/>
  </testcase> <!-- loginByTwitter -->
  <testcase classname="testngpractice.LoginTest" name="loginByEmail" time="0.0">
    <ignored/>
  </testcase> <!-- loginByEmail -->
  <testcase classname="testngpractice.SignUpTest" name="signUpByFaceBook" time="0.0">
    <ignored/>
  </testcase> <!-- signUpByFaceBook -->
  <testcase classname="testngpractice.LoginTest" name="loginByFaceBook" time="0.0">
    <ignored/>
  </testcase> <!-- loginByFaceBook -->
  <testcase classname="testngpractice.SignUpTest" name="signUpByTwitter" time="0.0">
    <ignored/>
  </testcase> <!-- signUpByTwitter -->
  <testcase classname="testngpractice.SignUpTest" name="signUpByEmail" time="0.0">
    <ignored/>
  </testcase> <!-- signUpByEmail -->
</testsuite> <!-- groupingtest -->
